<?xml version="1.0" encoding="utf-8"?><testsuites name="pytest tests"><testsuite name="pytest" errors="0" failures="0" skipped="0" tests="7" time="10.778" timestamp="2026-09-03T16:55:28.617265+00:00" hostname="agent-env-ff17617a-ec92-4691-a0a9-eda43e39794e"><testcase classname="tests.backend_test" name="test_root" time="0.154" /><testcase classname="tests.backend_test" name="test_chat_stream_sse" time="5.814" /><testcase classname="tests.backend_test" name="test_chat_history_after_stream" time="1.135" /><testcase classname="tests.backend_test" name="test_chat_history_delete" time="0.175" /><testcase classname="tests.backend_test" name="test_hydration_add_valid" time="0.095" /><testcase classname="tests.backend_test" name="test_hydration_add_invalid[0]" time="0.085" /><testcase classname="tests.backend_test" name="test_hydration_add_invalid[-100]" time="0.092" /><testcase time="0.000" /></testsuite></testsuites>